<?xml version="1.0" encoding="UTF-8"?>
<!-- Generated by org.testng.reporters.JUnitXMLReporter -->
<testsuite ignored="0" hostname="DESKTOP-CO7VJ0G" failures="0" tests="3" name="Default test" time="7.59" errors="0" timestamp="2022-02-21T13:52:10 IST">
  <testcase classname="StepDefinitions.TestAssure" name="passing_values_from_get_method" time="6.931"/>
  <testcase classname="StepDefinitions.TestAssure" name="user_is_on_api" time="0.004"/>
  <testcase classname="StepDefinitions.TestAssure" name="validate_response_received" time="0.471"/>
</testsuite> <!-- Default test -->
